<?xml version="1.0" encoding="UTF-8"?>
<testng-results skipped="0" failed="0" ignored="0" total="1" passed="1">
  <reporter-output>
  </reporter-output>
  <suite name="Suite" duration-ms="28259" started-at="2022-04-01T13:54:47 IST" finished-at="2022-04-01T13:55:16 IST">
    <groups>
    </groups>
    <test name="Test" duration-ms="28259" started-at="2022-04-01T13:54:47 IST" finished-at="2022-04-01T13:55:16 IST">
      <class name="tests.LoginTest">
        <test-method status="PASS" signature="init()[pri:0, instance:tests.LoginTest@30d1e6]" name="init" is-config="true" duration-ms="25176" started-at="2022-04-01T13:54:48 IST" finished-at="2022-04-01T13:55:13 IST">
          <reporter-output>
          </reporter-output>
        </test-method> <!-- init -->
        <test-method status="PASS" signature="login()[pri:0, instance:tests.LoginTest@30d1e6]" name="login" duration-ms="681" started-at="2022-04-01T13:55:13 IST" finished-at="2022-04-01T13:55:13 IST">
          <reporter-output>
          </reporter-output>
        </test-method> <!-- login -->
        <test-method status="PASS" signature="teardown()[pri:0, instance:tests.LoginTest@30d1e6]" name="teardown" is-config="true" duration-ms="2269" started-at="2022-04-01T13:55:13 IST" finished-at="2022-04-01T13:55:16 IST">
          <reporter-output>
          </reporter-output>
        </test-method> <!-- teardown -->
      </class> <!-- tests.LoginTest -->
    </test> <!-- Test -->
  </suite> <!-- Suite -->
</testng-results>
